<?xml version="1.0" encoding="UTF-8"?>
<testng-results skipped="0" failed="0" ignored="0" total="1" passed="1">
  <reporter-output>
  </reporter-output>
  <suite name="Default suite" duration-ms="13526" started-at="2019-04-01T06:37:01Z" finished-at="2019-04-01T06:37:14Z">
    <groups>
    </groups>
    <test name="Default test" duration-ms="13526" started-at="2019-04-01T06:37:01Z" finished-at="2019-04-01T06:37:14Z">
      <class name="com.training.sanity.tests.RTTC_068_Test">
        <test-method status="PASS" signature="setUp()[pri:0, instance:com.training.sanity.tests.RTTC_068_Test@91161c7]" name="setUp" is-config="true" duration-ms="3785" started-at="2019-04-01T06:37:01Z" finished-at="2019-04-01T06:37:04Z">
          <reporter-output>
          </reporter-output>
        </test-method> <!-- setUp -->
        <test-method status="PASS" signature="productlinkTest(java.lang.String, java.lang.String, java.lang.String, java.lang.String, java.lang.String, java.lang.String, java.lang.String)[pri:0, instance:com.training.sanity.tests.RTTC_068_Test@91161c7]" name="productlinkTest" duration-ms="8957" started-at="2019-04-01T06:37:05Z" data-provider="excel-inputs1" finished-at="2019-04-01T06:37:14Z">
          <params>
            <param index="0">
              <value>
                <![CDATA[admin]]>
              </value>
            </param>
            <param index="1">
              <value>
                <![CDATA[admin@123]]>
              </value>
            </param>
            <param index="2">
              <value>
                <![CDATA[Finger Ring]]>
              </value>
            </param>
            <param index="3">
              <value>
                <![CDATA[Title]]>
              </value>
            </param>
            <param index="4">
              <value>
                <![CDATA[SKU-012]]>
              </value>
            </param>
            <param index="5">
              <value>
                <![CDATA[123.0]]>
              </value>
            </param>
            <param index="6">
              <value>
                <![CDATA[2.0]]>
              </value>
            </param>
          </params>
          <reporter-output>
          </reporter-output>
        </test-method> <!-- productlinkTest -->
      </class> <!-- com.training.sanity.tests.RTTC_068_Test -->
    </test> <!-- Default test -->
  </suite> <!-- Default suite -->
</testng-results>
