<?xml version="1.0" encoding="UTF-8"?>
<testng-results skipped="0" failed="0" ignored="0" total="1" passed="1">
  <reporter-output>
  </reporter-output>
  <suite name="Default suite" duration-ms="18556" started-at="2019-04-04T16:36:35Z" finished-at="2019-04-04T16:36:54Z">
    <groups>
    </groups>
    <test name="Default test" duration-ms="18556" started-at="2019-04-04T16:36:35Z" finished-at="2019-04-04T16:36:54Z">
      <class name="com.training.sanity.tests.RTTC_066_Test">
        <test-method status="PASS" signature="setUp()[pri:0, instance:com.training.sanity.tests.RTTC_066_Test@604ed9f0]" name="setUp" is-config="true" duration-ms="6352" started-at="2019-04-04T16:36:35Z" finished-at="2019-04-04T16:36:42Z">
          <reporter-output>
          </reporter-output>
        </test-method> <!-- setUp -->
        <test-method status="PASS" signature="categoryDetails(java.lang.String, java.lang.String, java.lang.String, java.lang.String, java.lang.String, java.lang.String)[pri:0, instance:com.training.sanity.tests.RTTC_066_Test@604ed9f0]" name="categoryDetails" duration-ms="9604" started-at="2019-04-04T16:36:43Z" data-provider="excel-inputs3" finished-at="2019-04-04T16:36:52Z">
          <params>
            <param index="0">
              <value>
                <![CDATA[admin]]>
              </value>
            </param>
            <param index="1">
              <value>
                <![CDATA[admin@123]]>
              </value>
            </param>
            <param index="2">
              <value>
                <![CDATA[ORNAMENTS]]>
              </value>
            </param>
            <param index="3">
              <value>
                <![CDATA[ornaments for ladies]]>
              </value>
            </param>
            <param index="4">
              <value>
                <![CDATA[ORNAMENTS]]>
              </value>
            </param>
            <param index="5">
              <value>
                <![CDATA[ornaments for ladies]]>
              </value>
            </param>
          </params>
          <reporter-output>
          </reporter-output>
        </test-method> <!-- categoryDetails -->
        <test-method status="PASS" signature="tearDown()[pri:0, instance:com.training.sanity.tests.RTTC_066_Test@604ed9f0]" name="tearDown" is-config="true" duration-ms="1835" started-at="2019-04-04T16:36:52Z" finished-at="2019-04-04T16:36:54Z">
          <reporter-output>
          </reporter-output>
        </test-method> <!-- tearDown -->
      </class> <!-- com.training.sanity.tests.RTTC_066_Test -->
    </test> <!-- Default test -->
  </suite> <!-- Default suite -->
</testng-results>
